  vector_and_circle.cpp
C:\Users\matvey\source\repos\ConsoleApplication3\ConsoleApplication3\vector.h(4,1): error C2011: vector: переопределение типа "class"
C:\Users\matvey\source\repos\ConsoleApplication3\ConsoleApplication3\vector.h(3): message : см. объявление "vector"
C:\Users\matvey\source\repos\ConsoleApplication3\ConsoleApplication3\vector.h(38,8): error C2084: функция "vector sum(vector,vector)" уже имеет текст реализации
C:\Users\matvey\source\repos\ConsoleApplication3\ConsoleApplication3\vector.h(38): message : см. предыдущее определение "sum"
C:\Users\matvey\source\repos\ConsoleApplication3\ConsoleApplication3\vector.h(38,44): error C2027: использование неопределенного типа "vector"
C:\Users\matvey\source\repos\ConsoleApplication3\ConsoleApplication3\vector.h(3): message : см. объявление "vector"
C:\Users\matvey\source\repos\ConsoleApplication3\ConsoleApplication3\vector.h(38,8): error C2027: использование неопределенного типа "vector"
C:\Users\matvey\source\repos\ConsoleApplication3\ConsoleApplication3\vector.h(3): message : см. объявление "vector"
C:\Users\matvey\source\repos\ConsoleApplication3\ConsoleApplication3\vector.h(39,23): error C2027: использование неопределенного типа "vector"
C:\Users\matvey\source\repos\ConsoleApplication3\ConsoleApplication3\vector.h(3): message : см. объявление "vector"
C:\Users\matvey\source\repos\ConsoleApplication3\ConsoleApplication3\vector.h(39,41): error C2027: использование неопределенного типа "vector"
C:\Users\matvey\source\repos\ConsoleApplication3\ConsoleApplication3\vector.h(3): message : см. объявление "vector"
C:\Users\matvey\source\repos\ConsoleApplication3\ConsoleApplication3\vector.h(39,58): error C2027: использование неопределенного типа "vector"
C:\Users\matvey\source\repos\ConsoleApplication3\ConsoleApplication3\vector.h(3): message : см. объявление "vector"
C:\Users\matvey\source\repos\ConsoleApplication3\ConsoleApplication3\vector.h(39,76): error C2027: использование неопределенного типа "vector"
C:\Users\matvey\source\repos\ConsoleApplication3\ConsoleApplication3\vector.h(3): message : см. объявление "vector"
C:\Users\matvey\source\repos\ConsoleApplication3\ConsoleApplication3\vector.h(39,93): error C2027: использование неопределенного типа "vector"
C:\Users\matvey\source\repos\ConsoleApplication3\ConsoleApplication3\vector.h(3): message : см. объявление "vector"
C:\Users\matvey\source\repos\ConsoleApplication3\ConsoleApplication3\vector.h(39,111): error C2027: использование неопределенного типа "vector"
C:\Users\matvey\source\repos\ConsoleApplication3\ConsoleApplication3\vector.h(3): message : см. объявление "vector"
C:\Users\matvey\source\repos\ConsoleApplication3\ConsoleApplication3\vector.h(39,15): error C2027: использование неопределенного типа "vector"
C:\Users\matvey\source\repos\ConsoleApplication3\ConsoleApplication3\vector.h(3): message : см. объявление "vector"
C:\Users\matvey\source\repos\ConsoleApplication3\ConsoleApplication3\vector.h(42,8): error C2084: функция "vector sub(vector,vector)" уже имеет текст реализации
C:\Users\matvey\source\repos\ConsoleApplication3\ConsoleApplication3\vector.h(42): message : см. предыдущее определение "sub"
C:\Users\matvey\source\repos\ConsoleApplication3\ConsoleApplication3\vector.h(42,44): error C2027: использование неопределенного типа "vector"
C:\Users\matvey\source\repos\ConsoleApplication3\ConsoleApplication3\vector.h(3): message : см. объявление "vector"
C:\Users\matvey\source\repos\ConsoleApplication3\ConsoleApplication3\vector.h(42,8): error C2027: использование неопределенного типа "vector"
C:\Users\matvey\source\repos\ConsoleApplication3\ConsoleApplication3\vector.h(3): message : см. объявление "vector"
C:\Users\matvey\source\repos\ConsoleApplication3\ConsoleApplication3\vector.h(43,23): error C2027: использование неопределенного типа "vector"
C:\Users\matvey\source\repos\ConsoleApplication3\ConsoleApplication3\vector.h(3): message : см. объявление "vector"
C:\Users\matvey\source\repos\ConsoleApplication3\ConsoleApplication3\vector.h(43,41): error C2027: использование неопределенного типа "vector"
C:\Users\matvey\source\repos\ConsoleApplication3\ConsoleApplication3\vector.h(3): message : см. объявление "vector"
C:\Users\matvey\source\repos\ConsoleApplication3\ConsoleApplication3\vector.h(43,58): error C2027: использование неопределенного типа "vector"
C:\Users\matvey\source\repos\ConsoleApplication3\ConsoleApplication3\vector.h(3): message : см. объявление "vector"
C:\Users\matvey\source\repos\ConsoleApplication3\ConsoleApplication3\vector.h(43,76): error C2027: использование неопределенного типа "vector"
C:\Users\matvey\source\repos\ConsoleApplication3\ConsoleApplication3\vector.h(3): message : см. объявление "vector"
C:\Users\matvey\source\repos\ConsoleApplication3\ConsoleApplication3\vector.h(43,93): error C2027: использование неопределенного типа "vector"
C:\Users\matvey\source\repos\ConsoleApplication3\ConsoleApplication3\vector.h(3): message : см. объявление "vector"
C:\Users\matvey\source\repos\ConsoleApplication3\ConsoleApplication3\vector.h(43,111): error C2027: использование неопределенного типа "vector"
C:\Users\matvey\source\repos\ConsoleApplication3\ConsoleApplication3\vector.h(3): message : см. объявление "vector"
C:\Users\matvey\source\repos\ConsoleApplication3\ConsoleApplication3\vector.h(43,15): error C2027: использование неопределенного типа "vector"
C:\Users\matvey\source\repos\ConsoleApplication3\ConsoleApplication3\vector.h(3): message : см. объявление "vector"
C:\Users\matvey\source\repos\ConsoleApplication3\ConsoleApplication3\vector.h(46,8): error C2084: функция "double multScale(vector,vector)" уже имеет текст реализации
C:\Users\matvey\source\repos\ConsoleApplication3\ConsoleApplication3\vector.h(46): message : см. предыдущее определение "multScale"
C:\Users\matvey\source\repos\ConsoleApplication3\ConsoleApplication3\vector.h(46,8): error C2027: использование неопределенного типа "vector"
C:\Users\matvey\source\repos\ConsoleApplication3\ConsoleApplication3\vector.h(3): message : см. объявление "vector"
C:\Users\matvey\source\repos\ConsoleApplication3\ConsoleApplication3\vector.h(47,16): error C2027: использование неопределенного типа "vector"
C:\Users\matvey\source\repos\ConsoleApplication3\ConsoleApplication3\vector.h(3): message : см. объявление "vector"
C:\Users\matvey\source\repos\ConsoleApplication3\ConsoleApplication3\vector.h(47,34): error C2027: использование неопределенного типа "vector"
C:\Users\matvey\source\repos\ConsoleApplication3\ConsoleApplication3\vector.h(3): message : см. объявление "vector"
C:\Users\matvey\source\repos\ConsoleApplication3\ConsoleApplication3\vector.h(47,52): error C2027: использование неопределенного типа "vector"
C:\Users\matvey\source\repos\ConsoleApplication3\ConsoleApplication3\vector.h(3): message : см. объявление "vector"
C:\Users\matvey\source\repos\ConsoleApplication3\ConsoleApplication3\vector.h(47,70): error C2027: использование неопределенного типа "vector"
C:\Users\matvey\source\repos\ConsoleApplication3\ConsoleApplication3\vector.h(3): message : см. объявление "vector"
C:\Users\matvey\source\repos\ConsoleApplication3\ConsoleApplication3\vector.h(47,87): error C2027: использование неопределенного типа "vector"
C:\Users\matvey\source\repos\ConsoleApplication3\ConsoleApplication3\vector.h(3): message : см. объявление "vector"
C:\Users\matvey\source\repos\ConsoleApplication3\ConsoleApplication3\vector.h(47,104): error C2027: использование неопределенного типа "vector"
C:\Users\matvey\source\repos\ConsoleApplication3\ConsoleApplication3\vector.h(3): message : см. объявление "vector"
C:\Users\matvey\source\repos\ConsoleApplication3\ConsoleApplication3\vector.h(50,8): error C2084: функция "vector multVector(vector,vector)" уже имеет текст реализации
C:\Users\matvey\source\repos\ConsoleApplication3\ConsoleApplication3\vector.h(50): message : см. предыдущее определение "multVector"
C:\Users\matvey\source\repos\ConsoleApplication3\ConsoleApplication3\vector.h(50,51): error C2027: использование неопределенного типа "vector"
C:\Users\matvey\source\repos\ConsoleApplication3\ConsoleApplication3\vector.h(3): message : см. объявление "vector"
C:\Users\matvey\source\repos\ConsoleApplication3\ConsoleApplication3\vector.h(50,8): error C2027: использование неопределенного типа "vector"
C:\Users\matvey\source\repos\ConsoleApplication3\ConsoleApplication3\vector.h(3): message : см. объявление "vector"
C:\Users\matvey\source\repos\ConsoleApplication3\ConsoleApplication3\vector.h(52,13): error C2027: использование неопределенного типа "vector"
C:\Users\matvey\source\repos\ConsoleApplication3\ConsoleApplication3\vector.h(3): message : см. объявление "vector"
C:\Users\matvey\source\repos\ConsoleApplication3\ConsoleApplication3\vector.h(52,31): error C2027: использование неопределенного типа "vector"
C:\Users\matvey\source\repos\ConsoleApplication3\ConsoleApplication3\vector.h(3): message : см. объявление "vector"
C:\Users\matvey\source\repos\ConsoleApplication3\ConsoleApplication3\vector.h(52,49): error C2027: использование неопределенного типа "vector"
C:\Users\matvey\source\repos\ConsoleApplication3\ConsoleApplication3\vector.h(3): message : см. объявление "vector"
C:\Users\matvey\source\repos\ConsoleApplication3\ConsoleApplication3\vector.h(52,67): error C2027: использование неопределенного типа "vector"
C:\Users\matvey\source\repos\ConsoleApplication3\ConsoleApplication3\vector.h(3): message : см. объявление "vector"
C:\Users\matvey\source\repos\ConsoleApplication3\ConsoleApplication3\vector.h(53,21): error C2027: использование неопределенного типа "vector"
C:\Users\matvey\source\repos\ConsoleApplication3\ConsoleApplication3\vector.h(3): message : см. объявление "vector"
C:\Users\matvey\source\repos\ConsoleApplication3\ConsoleApplication3\vector.h(53,39): error C2027: использование неопределенного типа "vector"
C:\Users\matvey\source\repos\ConsoleApplication3\ConsoleApplication3\vector.h(3): message : см. объявление "vector"
C:\Users\matvey\source\repos\ConsoleApplication3\ConsoleApplication3\vector.h(53,57): error C2027: использование неопределенного типа "vector"
C:\Users\matvey\source\repos\ConsoleApplication3\ConsoleApplication3\vector.h(3): message : см. объявление "vector"
C:\Users\matvey\source\repos\ConsoleApplication3\ConsoleApplication3\vector.h(53,75): error C2027: использование неопределенного типа "vector"
C:\Users\matvey\source\repos\ConsoleApplication3\ConsoleApplication3\vector.h(3): message : см. объявление "vector"
C:\Users\matvey\source\repos\ConsoleApplication3\ConsoleApplication3\vector.h(54,13): error C2027: использование неопределенного типа "vector"
C:\Users\matvey\source\repos\ConsoleApplication3\ConsoleApplication3\vector.h(3): message : см. объявление "vector"
C:\Users\matvey\source\repos\ConsoleApplication3\ConsoleApplication3\vector.h(54,31): error C2027: использование неопределенного типа "vector"
C:\Users\matvey\source\repos\ConsoleApplication3\ConsoleApplication3\vector.h(3): message : см. объявление "vector"
C:\Users\matvey\source\repos\ConsoleApplication3\ConsoleApplication3\vector.h(54,49): error C2027: использование неопределенного типа "vector"
C:\Users\matvey\source\repos\ConsoleApplication3\ConsoleApplication3\vector.h(3): message : см. объявление "vector"
C:\Users\matvey\source\repos\ConsoleApplication3\ConsoleApplication3\vector.h(54,67): error C2027: использование неопределенного типа "vector"
C:\Users\matvey\source\repos\ConsoleApplication3\ConsoleApplication3\vector.h(3): message : см. объявление "vector"
C:\Users\matvey\source\repos\ConsoleApplication3\ConsoleApplication3\vector.h(51,15): error C2027: использование неопределенного типа "vector"
C:\Users\matvey\source\repos\ConsoleApplication3\ConsoleApplication3\vector.h(3): message : см. объявление "vector"
C:\Users\matvey\source\repos\ConsoleApplication3\ConsoleApplication3\circle.h(42,9): error C2079: "circle::centre" использует не имеющую определения структуру class "vector"
C:\Users\matvey\source\repos\ConsoleApplication3\ConsoleApplication3\circle.h(19,10): warning C4244: return: преобразование "double" в "int", возможна потеря данных
C:\Users\matvey\source\repos\ConsoleApplication3\ConsoleApplication3\vector_and_circle.cpp(10,9): error C2079: "vec1" использует не имеющую определения структуру class "vector"
C:\Users\matvey\source\repos\ConsoleApplication3\ConsoleApplication3\vector_and_circle.cpp(10,21): error C2440: инициализация: невозможно преобразовать "initializer list" в "int"
C:\Users\matvey\source\repos\ConsoleApplication3\ConsoleApplication3\vector_and_circle.cpp(10,13): message : Инициализатор содержит слишком много элементов
C:\Users\matvey\source\repos\ConsoleApplication3\ConsoleApplication3\vector_and_circle.cpp(11,9): error C2079: "vec2" использует не имеющую определения структуру class "vector"
C:\Users\matvey\source\repos\ConsoleApplication3\ConsoleApplication3\vector_and_circle.cpp(11,21): error C2440: инициализация: невозможно преобразовать "initializer list" в "int"
C:\Users\matvey\source\repos\ConsoleApplication3\ConsoleApplication3\vector_and_circle.cpp(11,13): message : Инициализатор содержит слишком много элементов
C:\Users\matvey\source\repos\ConsoleApplication3\ConsoleApplication3\vector_and_circle.cpp(12,9): error C2079: "vec3" использует не имеющую определения структуру class "vector"
C:\Users\matvey\source\repos\ConsoleApplication3\ConsoleApplication3\vector_and_circle.cpp(12,16): error C2065: sum: необъявленный идентификатор
C:\Users\matvey\source\repos\ConsoleApplication3\ConsoleApplication3\vector_and_circle.cpp(12,31): error C2440: инициализация: невозможно преобразовать "vector (__cdecl *)(vector,vector)" в "int"
C:\Users\matvey\source\repos\ConsoleApplication3\ConsoleApplication3\vector_and_circle.cpp(12,14): message : Не существует контекста, в котором такое преобразование возможно
C:\Users\matvey\source\repos\ConsoleApplication3\ConsoleApplication3\vector_and_circle.cpp(17,24): error C2661: circle::circle: нет перегруженной функции, принимающей 4 аргументов
